app/build/outputs/logs/manifest-merger-debug-report.txt
-- Merging decision tree log ---
manifest
ADDED from src\main\AndroidManifest.xml:1:1-566:12
INJECTED from src\main\AndroidManifest.xml:1:1-566:12
INJECTED from src\main\AndroidManifest.xml:1:1-566:12
INJECTED from src\main\AndroidManifest.xml:1:1-566:12
INJECTED from src\main\AndroidManifest.xml:1:1-566:12
INJECTED from src\main\AndroidManifest.xml:1:1-566:12
INJECTED from src\main\AndroidManifest.xml:1:1-566:12
	package
		ADDED from src\main\AndroidManifest.xml:2:5-27
		INJECTED from src\main\AndroidManifest.xml
		INJECTED from src\main\AndroidManifest.xml
	android:versionName
		ADDED from src\main\AndroidManifest.xml:4:5-34
		INJECTED from src\main\AndroidManifest.xml
		INJECTED from src\main\AndroidManifest.xml
	xmlns:android
		ADDED from src\main\AndroidManifest.xml:1:11-69
	android:versionCode
		ADDED from src\main\AndroidManifest.xml:3:5-32
		INJECTED from src\main\AndroidManifest.xml
		INJECTED from src\main\AndroidManifest.xml
supports-screens
ADDED from src\main\AndroidManifest.xml:6:5-11:39
	android:largeScreens
		ADDED from src\main\AndroidManifest.xml:8:9-36
	android:smallScreens
		ADDED from src\main\AndroidManifest.xml:11:9-36
	android:normalScreens
		ADDED from src\main\AndroidManifest.xml:9:9-37
	android:resizeable
		ADDED from src\main\AndroidManifest.xml:10:9-34
	android:anyDensity
		ADDED from src\main\AndroidManifest.xml:7:9-34
uses-sdk
ADDED from src\main\AndroidManifest.xml:13:5-43
INJECTED from src\main\AndroidManifest.xml:13:5-43
INJECTED from src\main\AndroidManifest.xml:13:5-43
INJECTED from src\main\AndroidManifest.xml:13:5-43
INJECTED from src\main\AndroidManifest.xml:13:5-43
	android:targetSdkVersion
		INJECTED from src\main\AndroidManifest.xml
		ADDED from src\main\AndroidManifest.xml:13:5-43
		INJECTED from src\main\AndroidManifest.xml
	android:minSdkVersion
		ADDED from src\main\AndroidManifest.xml:13:15-40
		INJECTED from src\main\AndroidManifest.xml
		INJECTED from src\main\AndroidManifest.xml
uses-permission#android.permission.INTERNET
ADDED from src\main\AndroidManifest.xml:16:5-67
	android:name
		ADDED from src\main\AndroidManifest.xml:16:22-64
uses-permission#android.permission.WRITE_EXTERNAL_STORAGE
ADDED from src\main\AndroidManifest.xml:18:5-81
	android:name
		ADDED from src\main\AndroidManifest.xml:18:22-78
uses-permission#android.permission.ACCESS_NETWORK_STATE
ADDED from src\main\AndroidManifest.xml:20:5-79
	android:name
		ADDED from src\main\AndroidManifest.xml:20:22-76
uses-permission#android.permission.GET_TASKS
ADDED from src\main\AndroidManifest.xml:21:5-68
	android:name
		ADDED from src\main\AndroidManifest.xml:21:22-65
uses-permission#android.permission.RECORD_AUDIO
ADDED from src\main\AndroidManifest.xml:27:5-71
	android:name
		ADDED from src\main\AndroidManifest.xml:27:22-68
uses-permission#android.permission.MODIFY_AUDIO_SETTINGS
ADDED from src\main\AndroidManifest.xml:29:5-80
	android:name
		ADDED from src\main\AndroidManifest.xml:29:22-77
uses-permission#android.permission.CAMERA
ADDED from src\main\AndroidManifest.xml:35:5-65
	android:name
		ADDED from src\main\AndroidManifest.xml:35:22-62
uses-feature#android.hardware.camera
ADDED from src\main\AndroidManifest.xml:37:5-60
	android:name
		ADDED from src\main\AndroidManifest.xml:37:19-57
uses-permission#android.permission.GET_ACCOUNTS
ADDED from src\main\AndroidManifest.xml:43:5-71
	android:name
		ADDED from src\main\AndroidManifest.xml:43:22-68
uses-permission#android.permission.WRITE_CONTACTS
ADDED from src\main\AndroidManifest.xml:44:5-73
	android:name
		ADDED from src\main\AndroidManifest.xml:44:22-70
uses-permission#android.permission.READ_CONTACTS
ADDED from src\main\AndroidManifest.xml:45:5-72
	android:name
		ADDED from src\main\AndroidManifest.xml:45:22-69
uses-permission#android.permission.WAKE_LOCK
ADDED from src\main\AndroidManifest.xml:51:5-68
	android:name
		ADDED from src\main\AndroidManifest.xml:51:22-65
uses-permission#android.permission.VIBRATE
ADDED from src\main\AndroidManifest.xml:53:5-66
	android:name
		ADDED from src\main\AndroidManifest.xml:53:22-63
uses-permission#android.permission.CALL_PHONE
ADDED from src\main\AndroidManifest.xml:55:5-69
	android:name
		ADDED from src\main\AndroidManifest.xml:55:22-66
uses-permission#android.permission.ACCESS_WIFI_STATE
ADDED from src\main\AndroidManifest.xml:57:5-76
	android:name
		ADDED from src\main\AndroidManifest.xml:57:22-73
uses-permission#android.permission.READ_PHONE_STATE
ADDED from src\main\AndroidManifest.xml:60:5-75
	android:name
		ADDED from src\main\AndroidManifest.xml:60:22-72
uses-permission#android.permission.SEND_SMS
ADDED from src\main\AndroidManifest.xml:69:5-67
	android:name
		ADDED from src\main\AndroidManifest.xml:69:22-64
uses-permission#android.permission.WRITE_SMS
ADDED from src\main\AndroidManifest.xml:70:5-68
	android:name
		ADDED from src\main\AndroidManifest.xml:70:22-65
uses-permission#android.permission.READ_SMS
ADDED from src\main\AndroidManifest.xml:71:5-67
	android:name
		ADDED from src\main\AndroidManifest.xml:71:22-64
uses-permission#com.android.launcher.permission.INSTALL_SHORTCUT
ADDED from src\main\AndroidManifest.xml:79:5-88
	android:name
		ADDED from src\main\AndroidManifest.xml:79:22-85
uses-permission#com.android.launcher.permission.UNINSTALL_SHORTCUT
ADDED from src\main\AndroidManifest.xml:80:5-90
	android:name
		ADDED from src\main\AndroidManifest.xml:80:22-87
uses-feature#android.hardware.camera.autofocus
ADDED from src\main\AndroidManifest.xml:89:5-70
	android:name
		ADDED from src\main\AndroidManifest.xml:89:19-67
uses-permission#android.permission.FLASHLIGHT
ADDED from src\main\AndroidManifest.xml:92:5-69
	android:name
		ADDED from src\main\AndroidManifest.xml:92:22-66
uses-permission#android.permission.ACCESS_COARSE_LOCATION
ADDED from src\main\AndroidManifest.xml:100:5-81
	android:name
		ADDED from src\main\AndroidManifest.xml:100:22-78
uses-permission#android.permission.ACCESS_FINE_LOCATION
ADDED from src\main\AndroidManifest.xml:101:5-79
	android:name
		ADDED from src\main\AndroidManifest.xml:101:22-76
uses-permission#android.permission.WRITE_SETTINGS
ADDED from src\main\AndroidManifest.xml:102:5-73
	android:name
		ADDED from src\main\AndroidManifest.xml:102:22-70
uses-permission#android.permission.CHANGE_WIFI_STATE
ADDED from src\main\AndroidManifest.xml:104:5-76
	android:name
		ADDED from src\main\AndroidManifest.xml:104:22-73
uses-permission#android.permission.MOUNT_UNMOUNT_FILESYSTEMS
ADDED from src\main\AndroidManifest.xml:106:5-84
	android:name
		ADDED from src\main\AndroidManifest.xml:106:22-81
uses-permission#android.permission.READ_LOGS
ADDED from src\main\AndroidManifest.xml:107:5-68
	android:name
		ADDED from src\main\AndroidManifest.xml:107:22-65
uses-permission#android.permission.RECEIVE_BOOT_COMPLETED
ADDED from src\main\AndroidManifest.xml:157:5-81
	android:name
		ADDED from src\main\AndroidManifest.xml:157:22-78
uses-permission#getui.permission.GetuiService.com.qsjh.dcs
ADDED from src\main\AndroidManifest.xml:162:5-82
	android:name
		ADDED from src\main\AndroidManifest.xml:162:22-79
permission#getui.permission.GetuiService.com.qsjh.dcs
ADDED from src\main\AndroidManifest.xml:164:5-166:44
	android:protectionLevel
		ADDED from src\main\AndroidManifest.xml:166:9-41
	android:name
		ADDED from src\main\AndroidManifest.xml:165:9-66
uses-permission#android.permission.ACCESS_MOCK_LOCATION
ADDED from src\main\AndroidManifest.xml:181:5-79
	android:name
		ADDED from src\main\AndroidManifest.xml:181:22-76
uses-permission#android.permission.CHANGE_NETWORK_STATE
ADDED from src\main\AndroidManifest.xml:194:5-79
	android:name
		ADDED from src\main\AndroidManifest.xml:194:22-76
uses-permission#android.permission.RECEIVE_USER_PRESENT
ADDED from src\main\AndroidManifest.xml:203:5-79
	android:name
		ADDED from src\main\AndroidManifest.xml:203:22-76
uses-permission#com.xiaomi.permission.AUTH_SERVICE
ADDED from src\main\AndroidManifest.xml:212:5-74
	android:name
		ADDED from src\main\AndroidManifest.xml:212:22-71
application
ADDED from src\main\AndroidManifest.xml:216:5-564:19
	android:label
		ADDED from src\main\AndroidManifest.xml:220:9-41
	android:allowClearUserData
		ADDED from src\main\AndroidManifest.xml:218:9-42
	android:largeHeap
		ADDED from src\main\AndroidManifest.xml:221:9-33
	android:icon
		ADDED from src\main\AndroidManifest.xml:219:9-38
	android:name
		ADDED from src\main\AndroidManifest.xml:217:9-63
activity#io.dcloud.PandoraEntry
ADDED from src\main\AndroidManifest.xml:223:9-237:20
	android:screenOrientation
		ADDED from src\main\AndroidManifest.xml:229:13-45
	android:label
		ADDED from src\main\AndroidManifest.xml:227:13-45
	android:launchMode
		ADDED from src\main\AndroidManifest.xml:228:13-44
	android:hardwareAccelerated
		ADDED from src\main\AndroidManifest.xml:226:13-47
	android:windowSoftInputMode
		ADDED from src\main\AndroidManifest.xml:231:13-55
	android:configChanges
		ADDED from src\main\AndroidManifest.xml:225:13-83
	android:theme
		ADDED from src\main\AndroidManifest.xml:230:13-52
	android:name
		ADDED from src\main\AndroidManifest.xml:224:13-50
intent-filter#action:name:android.intent.action.MAIN+category:name:android.intent.category.LAUNCHER
ADDED from src\main\AndroidManifest.xml:232:13-236:29
action#android.intent.action.MAIN
ADDED from src\main\AndroidManifest.xml:233:17-69
	android:name
		ADDED from src\main\AndroidManifest.xml:233:25-66
category#android.intent.category.LAUNCHER
ADDED from src\main\AndroidManifest.xml:235:17-77
	android:name
		ADDED from src\main\AndroidManifest.xml:235:27-74
activity#io.dcloud.PandoraEntryActivity
ADDED from src\main\AndroidManifest.xml:238:9-246:67
	android:screenOrientation
		ADDED from src\main\AndroidManifest.xml:244:13-45
	android:label
		ADDED from src\main\AndroidManifest.xml:242:13-33
	android:launchMode
		ADDED from src\main\AndroidManifest.xml:243:13-44
	android:hardwareAccelerated
		ADDED from src\main\AndroidManifest.xml:241:13-47
	android:windowSoftInputMode
		ADDED from src\main\AndroidManifest.xml:246:13-55
	android:configChanges
		ADDED from src\main\AndroidManifest.xml:240:13-112
	android:theme
		ADDED from src\main\AndroidManifest.xml:245:13-47
	android:name
		ADDED from src\main\AndroidManifest.xml:239:13-58
service#io.dcloud.common.adapter.io.MiniServerService
ADDED from src\main\AndroidManifest.xml:248:9-250:39
	android:exported
		ADDED from src\main\AndroidManifest.xml:250:13-36
	android:name
		ADDED from src\main\AndroidManifest.xml:249:13-73
activity#io.dcloud.imagepick.CustomGalleryActivity
ADDED from src\main\AndroidManifest.xml:252:9-259:20
	android:name
		ADDED from src\main\AndroidManifest.xml:252:19-75
intent-filter#action:name:io.dcloud.ACTION_MULTIPLE_PICK+action:name:io.dcloud.ACTION_PICK+category:name:android.intent.category.DEFAULT
ADDED from src\main\AndroidManifest.xml:253:13-258:29
action#io.dcloud.ACTION_PICK
ADDED from src\main\AndroidManifest.xml:254:17-64
	android:name
		ADDED from src\main\AndroidManifest.xml:254:25-61
action#io.dcloud.ACTION_MULTIPLE_PICK
ADDED from src\main\AndroidManifest.xml:255:17-73
	android:name
		ADDED from src\main\AndroidManifest.xml:255:25-70
category#android.intent.category.DEFAULT
ADDED from src\main\AndroidManifest.xml:257:17-76
	android:name
		ADDED from src\main\AndroidManifest.xml:257:27-73
activity#io.dcloud.TestActivity
ADDED from src\main\AndroidManifest.xml:260:9-267:20
	android:name
		ADDED from src\main\AndroidManifest.xml:260:19-56
meta-data#UMENG_APPKEY
ADDED from src\main\AndroidManifest.xml:277:9-279:44
	android:value
		ADDED from src\main\AndroidManifest.xml:279:13-41
	android:name
		ADDED from src\main\AndroidManifest.xml:278:13-40
meta-data#UMENG_CHANNEL
ADDED from src\main\AndroidManifest.xml:280:9-282:42
	android:value
		ADDED from src\main\AndroidManifest.xml:282:13-39
	android:name
		ADDED from src\main\AndroidManifest.xml:281:13-41
meta-data#com.baidu.lbsapi.API_KEY
ADDED from src\main\AndroidManifest.xml:288:9-290:66
	android:value
		ADDED from src\main\AndroidManifest.xml:290:13-53
	android:name
		ADDED from src\main\AndroidManifest.xml:289:13-52
service#com.baidu.location.f
ADDED from src\main\AndroidManifest.xml:292:9-295:49
	android:process
		ADDED from src\main\AndroidManifest.xml:295:13-38
	android:enabled
		ADDED from src\main\AndroidManifest.xml:294:13-35
	android:name
		ADDED from src\main\AndroidManifest.xml:293:13-48
meta-data#com.amap.api.v2.apikey
ADDED from src\main\AndroidManifest.xml:300:9-302:46
	android:value
		ADDED from src\main\AndroidManifest.xml:302:13-43
	android:name
		ADDED from src\main\AndroidManifest.xml:301:13-50
meta-data#QQ_APPID
ADDED from src\main\AndroidManifest.xml:307:9-309:37
	android:value
		ADDED from src\main\AndroidManifest.xml:309:13-34
	android:name
		ADDED from src\main\AndroidManifest.xml:308:13-36
activity#com.tencent.tauth.AuthActivity
ADDED from src\main\AndroidManifest.xml:311:9-323:20
	android:launchMode
		ADDED from src\main\AndroidManifest.xml:313:13-44
	android:noHistory
		ADDED from src\main\AndroidManifest.xml:314:13-37
	android:name
		ADDED from src\main\AndroidManifest.xml:312:13-58
intent-filter#action:name:android.intent.action.VIEW+category:name:android.intent.category.BROWSABLE+category:name:android.intent.category.DEFAULT+data:scheme:appid
ADDED from src\main\AndroidManifest.xml:315:13-322:29
action#android.intent.action.VIEW
ADDED from src\main\AndroidManifest.xml:316:17-69
	android:name
		ADDED from src\main\AndroidManifest.xml:316:25-66
category#android.intent.category.BROWSABLE
ADDED from src\main\AndroidManifest.xml:319:17-78
	android:name
		ADDED from src\main\AndroidManifest.xml:319:27-75
data
ADDED from src\main\AndroidManifest.xml:321:17-48
	android:scheme
		ADDED from src\main\AndroidManifest.xml:321:23-45
activity#com.tencent.connect.common.AssistActivity
ADDED from src\main\AndroidManifest.xml:324:9-327:75
	android:screenOrientation
		ADDED from src\main\AndroidManifest.xml:326:13-49
	android:theme
		ADDED from src\main\AndroidManifest.xml:327:13-72
	android:name
		ADDED from src\main\AndroidManifest.xml:325:13-69
meta-data#IFLY_APPKEY
ADDED from src\main\AndroidManifest.xml:339:9-341:40
	android:value
		ADDED from src\main\AndroidManifest.xml:341:13-37
	android:name
		ADDED from src\main\AndroidManifest.xml:340:13-39
meta-data#PUSH_APPID
ADDED from src\main\AndroidManifest.xml:351:9-353:54
	android:value
		ADDED from src\main\AndroidManifest.xml:353:13-51
	android:name
		ADDED from src\main\AndroidManifest.xml:352:13-38
meta-data#PUSH_APPKEY
ADDED from src\main\AndroidManifest.xml:354:9-356:54
	android:value
		ADDED from src\main\AndroidManifest.xml:356:13-51
	android:name
		ADDED from src\main\AndroidManifest.xml:355:13-39
meta-data#PUSH_APPSECRET
ADDED from src\main\AndroidManifest.xml:357:9-359:54
	android:value
		ADDED from src\main\AndroidManifest.xml:359:13-51
	android:name
		ADDED from src\main\AndroidManifest.xml:358:13-42
service#com.igexin.sdk.PushService
ADDED from src\main\AndroidManifest.xml:361:9-369:19
	android:process
		ADDED from src\main\AndroidManifest.xml:365:13-43
	android:label
		ADDED from src\main\AndroidManifest.xml:364:13-47
	android:exported
		ADDED from src\main\AndroidManifest.xml:363:13-36
	android:name
		ADDED from src\main\AndroidManifest.xml:362:13-54
intent-filter#action:name:com.igexin.sdk.action.service.message
ADDED from src\main\AndroidManifest.xml:366:13-368:29
action#com.igexin.sdk.action.service.message
ADDED from src\main\AndroidManifest.xml:367:17-80
	android:name
		ADDED from src\main\AndroidManifest.xml:367:25-77
receiver#com.igexin.sdk.PushReceiver
ADDED from src\main\AndroidManifest.xml:370:9-380:20
	android:name
		ADDED from src\main\AndroidManifest.xml:370:19-61
intent-filter#action:name:android.intent.action.ACTION_POWER_CONNECTED+action:name:android.intent.action.ACTION_POWER_DISCONNECTED+action:name:android.intent.action.BOOT_COMPLETED+action:name:android.intent.action.MEDIA_MOUNTED+action:name:android.intent.action.USER_PRESENT+action:name:android.net.conn.CONNECTIVITY_CHANGE+action:name:com.igexin.sdk.action.refreshls
ADDED from src\main\AndroidManifest.xml:371:13-379:29
action#android.intent.action.BOOT_COMPLETED
ADDED from src\main\AndroidManifest.xml:372:17-79
	android:name
		ADDED from src\main\AndroidManifest.xml:372:25-76
action#android.net.conn.CONNECTIVITY_CHANGE
ADDED from src\main\AndroidManifest.xml:373:17-79
	android:name
		ADDED from src\main\AndroidManifest.xml:373:25-76
action#android.intent.action.USER_PRESENT
ADDED from src\main\AndroidManifest.xml:374:17-77
	android:name
		ADDED from src\main\AndroidManifest.xml:374:25-74
action#com.igexin.sdk.action.refreshls
ADDED from src\main\AndroidManifest.xml:375:17-74
	android:name
		ADDED from src\main\AndroidManifest.xml:375:25-71
action#android.intent.action.MEDIA_MOUNTED
ADDED from src\main\AndroidManifest.xml:376:17-78
	android:name
		ADDED from src\main\AndroidManifest.xml:376:25-75
action#android.intent.action.ACTION_POWER_CONNECTED
ADDED from src\main\AndroidManifest.xml:377:17-87
	android:name
		ADDED from src\main\AndroidManifest.xml:377:25-84
action#android.intent.action.ACTION_POWER_DISCONNECTED
ADDED from src\main\AndroidManifest.xml:378:17-90
	android:name
		ADDED from src\main\AndroidManifest.xml:378:25-87
activity#com.igexin.sdk.PushActivity
ADDED from src\main\AndroidManifest.xml:382:9-388:75
	android:process
		ADDED from src\main\AndroidManifest.xml:386:13-43
	android:excludeFromRecents
		ADDED from src\main\AndroidManifest.xml:384:13-46
	android:exported
		ADDED from src\main\AndroidManifest.xml:385:13-37
	android:theme
		ADDED from src\main\AndroidManifest.xml:388:13-72
	android:taskAffinity
		ADDED from src\main\AndroidManifest.xml:387:13-67
	android:name
		ADDED from src\main\AndroidManifest.xml:383:13-55
activity#com.igexin.sdk.GActivity
ADDED from src\main\AndroidManifest.xml:389:9-395:75
	android:process
		ADDED from src\main\AndroidManifest.xml:393:13-43
	android:excludeFromRecents
		ADDED from src\main\AndroidManifest.xml:391:13-46
	android:exported
		ADDED from src\main\AndroidManifest.xml:392:13-36
	android:theme
		ADDED from src\main\AndroidManifest.xml:395:13-72
	android:taskAffinity
		ADDED from src\main\AndroidManifest.xml:394:13-67
	android:name
		ADDED from src\main\AndroidManifest.xml:390:13-52
receiver#io.dcloud.feature.apsGt.GTNotificationReceiver
ADDED from src\main\AndroidManifest.xml:397:9-405:20
	android:name
		ADDED from src\main\AndroidManifest.xml:397:19-80
intent-filter#action:name:android.intent.action.BOOT_COMPLETED+action:name:com.qsjh.dcs.__CLEAR_NOTIFICATION+action:name:com.qsjh.dcs.__CLILK_NOTIFICATION+action:name:com.qsjh.dcs.__CREATE_NOTIFICATION+action:name:com.qsjh.dcs.__REMOVE_NOTIFICATION
ADDED from src\main\AndroidManifest.xml:398:13-404:29
action#com.qsjh.dcs.__CREATE_NOTIFICATION
ADDED from src\main\AndroidManifest.xml:400:17-77
	android:name
		ADDED from src\main\AndroidManifest.xml:400:25-74
action#com.qsjh.dcs.__REMOVE_NOTIFICATION
ADDED from src\main\AndroidManifest.xml:401:17-77
	android:name
		ADDED from src\main\AndroidManifest.xml:401:25-74
action#com.qsjh.dcs.__CLEAR_NOTIFICATION
ADDED from src\main\AndroidManifest.xml:402:17-76
	android:name
		ADDED from src\main\AndroidManifest.xml:402:25-73
action#com.qsjh.dcs.__CLILK_NOTIFICATION
ADDED from src\main\AndroidManifest.xml:403:17-76
	android:name
		ADDED from src\main\AndroidManifest.xml:403:25-73
service#io.dcloud.feature.apsGt.GTNormalIntentService
ADDED from src\main\AndroidManifest.xml:407:9-81
	android:name
		ADDED from src\main\AndroidManifest.xml:407:18-78
service#io.dcloud.feature.apsGt.GTNormalPushService
ADDED from src\main\AndroidManifest.xml:408:9-412:54
	android:process
		ADDED from src\main\AndroidManifest.xml:412:13-43
	android:label
		ADDED from src\main\AndroidManifest.xml:411:13-40
	android:exported
		ADDED from src\main\AndroidManifest.xml:410:13-36
	android:name
		ADDED from src\main\AndroidManifest.xml:409:13-71
meta-data#SINA_REDIRECT_URI
ADDED from src\main\AndroidManifest.xml:419:9-421:73
	android:value
		ADDED from src\main\AndroidManifest.xml:421:13-70
	android:name
		ADDED from src\main\AndroidManifest.xml:420:13-45
meta-data#SINA_SECRET
ADDED from src\main\AndroidManifest.xml:422:9-424:64
	android:value
		ADDED from src\main\AndroidManifest.xml:424:13-61
	android:name
		ADDED from src\main\AndroidManifest.xml:423:13-39
meta-data#SINA_APPKEY
ADDED from src\main\AndroidManifest.xml:425:9-427:43
	android:value
		ADDED from src\main\AndroidManifest.xml:427:13-40
	android:name
		ADDED from src\main\AndroidManifest.xml:426:13-39
activity#com.sina.weibo.sdk.web.WeiboSdkWebActivity
ADDED from src\main\AndroidManifest.xml:429:9-433:67
	android:windowSoftInputMode
		ADDED from src\main\AndroidManifest.xml:433:13-55
	android:exported
		ADDED from src\main\AndroidManifest.xml:432:13-37
	android:configChanges
		ADDED from src\main\AndroidManifest.xml:431:13-63
	android:name
		ADDED from src\main\AndroidManifest.xml:430:13-70
activity#com.sina.weibo.sdk.share.WbShareTransActivity
ADDED from src\main\AndroidManifest.xml:435:9-444:20
	android:launchMode
		ADDED from src\main\AndroidManifest.xml:437:13-44
	android:theme
		ADDED from src\main\AndroidManifest.xml:438:13-83
	android:name
		ADDED from src\main\AndroidManifest.xml:436:13-73
intent-filter#action:name:com.sina.weibo.sdk.action.ACTION_SDK_REQ_ACTIVITY+category:name:android.intent.category.DEFAULT
ADDED from src\main\AndroidManifest.xml:439:13-443:29
action#com.sina.weibo.sdk.action.ACTION_SDK_REQ_ACTIVITY
ADDED from src\main\AndroidManifest.xml:440:17-92
	android:name
		ADDED from src\main\AndroidManifest.xml:440:25-89
meta-data#TENCENT_REDIRECT_URI
ADDED from src\main\AndroidManifest.xml:447:9-449:51
	android:value
		ADDED from src\main\AndroidManifest.xml:449:13-48
	android:name
		ADDED from src\main\AndroidManifest.xml:448:13-48
meta-data#TENCENT_SECRET
ADDED from src\main\AndroidManifest.xml:450:9-452:51
	android:value
		ADDED from src\main\AndroidManifest.xml:452:13-48
	android:name
		ADDED from src\main\AndroidManifest.xml:451:13-42
meta-data#TENCENT_APPKEY
ADDED from src\main\AndroidManifest.xml:453:9-455:63
	android:value
		ADDED from src\main\AndroidManifest.xml:455:13-60
	android:name
		ADDED from src\main\AndroidManifest.xml:454:13-42
activity#io.dcloud.share.tencent.WebAuthorize
ADDED from src\main\AndroidManifest.xml:457:9-459:72
	android:theme
		ADDED from src\main\AndroidManifest.xml:459:13-60
	android:name
		ADDED from src\main\AndroidManifest.xml:458:13-64
meta-data#WX_SECRET
ADDED from src\main\AndroidManifest.xml:461:9-463:64
	android:value
		ADDED from src\main\AndroidManifest.xml:463:13-61
	android:name
		ADDED from src\main\AndroidManifest.xml:462:13-37
meta-data#WX_APPID
ADDED from src\main\AndroidManifest.xml:464:9-466:50
	android:value
		ADDED from src\main\AndroidManifest.xml:466:13-47
	android:name
		ADDED from src\main\AndroidManifest.xml:465:13-36
activity#com.qsjh.dcs.wxapi.WXEntryActivity
ADDED from src\main\AndroidManifest.xml:468:9-479:20
	android:label
		ADDED from src\main\AndroidManifest.xml:471:13-45
	android:launchMode
		ADDED from src\main\AndroidManifest.xml:472:13-43
	android:exported
		ADDED from src\main\AndroidManifest.xml:470:13-36
	android:theme
		ADDED from src\main\AndroidManifest.xml:473:13-72
	android:name
		ADDED from src\main\AndroidManifest.xml:469:13-62
intent-filter#action:name:android.intent.action.VIEW+category:name:android.intent.category.DEFAULT+data:scheme:wx2ebd0be7a1e2abf7
ADDED from src\main\AndroidManifest.xml:474:13-478:29
activity#com.alipay.sdk.app.H5PayActivity
ADDED from src\main\AndroidManifest.xml:482:9-487:79
	android:screenOrientation
		ADDED from src\main\AndroidManifest.xml:486:13-47
	android:windowSoftInputMode
		ADDED from src\main\AndroidManifest.xml:487:13-67
	android:exported
		ADDED from src\main\AndroidManifest.xml:485:13-37
	android:configChanges
		ADDED from src\main\AndroidManifest.xml:484:13-74
	android:name
		ADDED from src\main\AndroidManifest.xml:483:13-60
activity#com.alipay.sdk.auth.AuthActivity
ADDED from src\main\AndroidManifest.xml:488:9-492:59
	android:screenOrientation
		ADDED from src\main\AndroidManifest.xml:492:13-47
	android:exported
		ADDED from src\main\AndroidManifest.xml:491:13-37
	android:configChanges
		ADDED from src\main\AndroidManifest.xml:490:13-74
	android:name
		ADDED from src\main\AndroidManifest.xml:489:13-60
activity#com.qsjh.dcs.wxapi.WXPayEntryActivity
ADDED from src\main\AndroidManifest.xml:497:9-501:75
	android:launchMode
		ADDED from src\main\AndroidManifest.xml:500:13-43
	android:exported
		ADDED from src\main\AndroidManifest.xml:499:13-36
	android:theme
		ADDED from src\main\AndroidManifest.xml:501:13-72
	android:name
		ADDED from src\main\AndroidManifest.xml:498:13-65
meta-data#MIUI_APPID
ADDED from src\main\AndroidManifest.xml:509:9-511:43
	android:value
		ADDED from src\main\AndroidManifest.xml:511:13-40
	android:name
		ADDED from src\main\AndroidManifest.xml:510:13-38
meta-data#MIUI_APPSECRET
ADDED from src\main\AndroidManifest.xml:512:9-514:46
	android:value
		ADDED from src\main\AndroidManifest.xml:514:13-43
	android:name
		ADDED from src\main\AndroidManifest.xml:513:13-42
meta-data#MIUI_REDIRECT_URI
ADDED from src\main\AndroidManifest.xml:515:9-517:41
	android:value
		ADDED from src\main\AndroidManifest.xml:517:13-38
	android:name
		ADDED from src\main\AndroidManifest.xml:516:13-45
activity#com.xiaomi.account.openauth.AuthorizeActivity
ADDED from src\main\AndroidManifest.xml:519:9-82
	android:name
		ADDED from src\main\AndroidManifest.xml:519:19-79